<?xml version="1.0" encoding="UTF-8"?>
<testsuite name="HelloWorldTest" tests="1" skipped="0" failures="0" errors="0" timestamp="2022-03-30T18:01:27" hostname="NoMac" time="0.018">
  <properties/>
  <testcase name="helloWorldTest" classname="HelloWorldTest" time="0.018"/>
  <system-out><![CDATA[]]></system-out>
  <system-err><![CDATA[]]></system-err>
</testsuite>
